2022-12-19 11:49:52.711 INFO [main]c.i.g.b.b.c.e.bootstrap.initializer.ExternalChannelInitializerCallbackFactory.createExternalChannelInitializerCallback:57 -游戏对外服-启动方式 ==== websocket ====
2022-12-19 11:49:53.040 INFO [class com.iohao.game.simple.SimpleRunOne0]com.iohao.game.bolt.broker.server.BrokerServer.startup:79 -bolt-broker （游戏网关）port: [10200] 启动模式: [单机启动模式 standalone] 
2022-12-19 11:49:53.109 INFO [Bolt-conn-event-executor-18-thread-1]c.i.game.bolt.broker.server.processor.connection.ConnectionEventBrokerProcessor.onEvent:60 -通知客户端发送模块信息 ConnectionEvent remoteAddress : 192.168.56.1:50369
2022-12-19 11:49:53.140 INFO [Bolt-conn-event-executor-18-thread-1]c.i.game.bolt.broker.server.processor.connection.ConnectionEventBrokerProcessor.onEvent:60 -通知客户端发送模块信息 ConnectionEvent remoteAddress : 192.168.56.1:50371
2022-12-19 11:49:53.147 INFO [class com.iohao.game.simple.SimpleRunOne1]com.iohao.game.bolt.broker.client.external.ExternalServer.doStart:70 -external 启动游戏对外服 ! port: 10100
2022-12-19 11:49:53.271 INFO [Bolt-default-executor-19-thread-2]com.iohao.game.bolt.broker.core.client.BrokerClientItem.registerToBroker:287 -逻辑服发模块信息给 broker （游戏网关） : {
	"address":"192.168.56.1",
	"brokerClientType":1,
	"cmdMergeList":[
		
	],
	"id":"5d0874ee-5ca7-40df-a885-1a78e7986a1c",
	"idHash":1474318399,
	"name":"游戏对外服",
	"tag":"external"
}
2022-12-19 11:49:53.271 INFO [Bolt-default-executor-19-thread-1]com.iohao.game.bolt.broker.core.client.BrokerClientItem.registerToBroker:287 -逻辑服发模块信息给 broker （游戏网关） : {
	"address":"192.168.56.1",
	"brokerClientType":0,
	"cmdMergeList":[
		65537,
		65538,
		65539
	],
	"id":"4e9112ca-6f96-472b-b339-31d8dc1cf6f8",
	"idHash":-438988666,
	"name":"demo spring 游戏逻辑服",
	"tag":"demo spring 游戏逻辑服"
}
2022-12-19 11:49:53.277 INFO [Bolt-default-executor-19-thread-4]c.i.game.bolt.broker.server.processor.RegisterBrokerClientMessageBrokerProcessor.print:88 -模块注册信息 --- 网关port: [10200] --- BrokerClientMessage{name='demo spring 游戏逻辑服', tag='demo spring 游戏逻辑服', brokerClientType=LOGIC, address='192.168.56.1:50369', cmdMergeSize=0, id='4e9112ca-6f96-472b-b339-31d8dc1cf6f8'}
2022-12-19 11:49:53.277 INFO [Bolt-default-executor-19-thread-3]c.i.game.bolt.broker.server.processor.RegisterBrokerClientMessageBrokerProcessor.print:88 -模块注册信息 --- 网关port: [10200] --- BrokerClientMessage{name='游戏对外服', tag='external', brokerClientType=EXTERNAL, address='192.168.56.1:50371', cmdMergeSize=0, id='5d0874ee-5ca7-40df-a885-1a78e7986a1c'}
2022-12-19 11:49:53.285 INFO [Bolt-default-executor-19-thread-4]com.iohao.game.bolt.broker.server.kit.BrokerPrintKit.print:65 -当前网关【10200】与逻辑服相关信息: 
[{
	"tag":"demo spring 游戏逻辑服",
	"服务器数量":1
}, {
	"tag":"对外服",
	"服务器数量":1
}]
2022-12-19 11:49:53.285 INFO [Bolt-default-executor-19-thread-3]com.iohao.game.bolt.broker.server.kit.BrokerPrintKit.print:65 -当前网关【10200】与逻辑服相关信息: 
[{
	"tag":"demo spring 游戏逻辑服",
	"服务器数量":1
}, {
	"tag":"对外服",
	"服务器数量":1
}]
2022-12-19 11:50:50.139 INFO [main]c.i.g.b.b.c.e.bootstrap.initializer.ExternalChannelInitializerCallbackFactory.createExternalChannelInitializerCallback:57 -游戏对外服-启动方式 ==== websocket ====
2022-12-19 11:50:50.427 INFO [class com.iohao.game.simple.SimpleRunOne0]com.iohao.game.bolt.broker.server.BrokerServer.startup:79 -bolt-broker （游戏网关）port: [10200] 启动模式: [单机启动模式 standalone] 
2022-12-19 11:50:50.496 INFO [Bolt-conn-event-executor-18-thread-1]c.i.game.bolt.broker.server.processor.connection.ConnectionEventBrokerProcessor.onEvent:60 -通知客户端发送模块信息 ConnectionEvent remoteAddress : 192.168.56.1:50625
2022-12-19 11:50:50.532 INFO [Bolt-conn-event-executor-18-thread-1]c.i.game.bolt.broker.server.processor.connection.ConnectionEventBrokerProcessor.onEvent:60 -通知客户端发送模块信息 ConnectionEvent remoteAddress : 192.168.56.1:50626
2022-12-19 11:50:50.537 INFO [class com.iohao.game.simple.SimpleRunOne1]com.iohao.game.bolt.broker.client.external.ExternalServer.doStart:70 -external 启动游戏对外服 ! port: 10100
2022-12-19 11:50:50.624 INFO [Bolt-default-executor-19-thread-1]com.iohao.game.bolt.broker.core.client.BrokerClientItem.registerToBroker:287 -逻辑服发模块信息给 broker （游戏网关） : {
	"address":"192.168.56.1",
	"brokerClientType":1,
	"cmdMergeList":[
		
	],
	"id":"1d9a08cd-bead-4737-b6f4-1cefa8cf23cb",
	"idHash":-980764935,
	"name":"游戏对外服",
	"tag":"external"
}
2022-12-19 11:50:50.624 INFO [Bolt-default-executor-19-thread-2]com.iohao.game.bolt.broker.core.client.BrokerClientItem.registerToBroker:287 -逻辑服发模块信息给 broker （游戏网关） : {
	"address":"192.168.56.1",
	"brokerClientType":0,
	"cmdMergeList":[
		65537,
		65538,
		65539
	],
	"id":"be29cfe6-eb84-40ee-b774-08e8dbab5f57",
	"idHash":1933458373,
	"name":"demo spring 游戏逻辑服",
	"tag":"demo spring 游戏逻辑服"
}
2022-12-19 11:50:50.628 INFO [Bolt-default-executor-19-thread-4]c.i.game.bolt.broker.server.processor.RegisterBrokerClientMessageBrokerProcessor.print:88 -模块注册信息 --- 网关port: [10200] --- BrokerClientMessage{name='demo spring 游戏逻辑服', tag='demo spring 游戏逻辑服', brokerClientType=LOGIC, address='192.168.56.1:50625', cmdMergeSize=0, id='be29cfe6-eb84-40ee-b774-08e8dbab5f57'}
2022-12-19 11:50:50.628 INFO [Bolt-default-executor-19-thread-3]c.i.game.bolt.broker.server.processor.RegisterBrokerClientMessageBrokerProcessor.print:88 -模块注册信息 --- 网关port: [10200] --- BrokerClientMessage{name='游戏对外服', tag='external', brokerClientType=EXTERNAL, address='192.168.56.1:50626', cmdMergeSize=0, id='1d9a08cd-bead-4737-b6f4-1cefa8cf23cb'}
2022-12-19 11:50:50.635 INFO [Bolt-default-executor-19-thread-3]com.iohao.game.bolt.broker.server.kit.BrokerPrintKit.print:65 -当前网关【10200】与逻辑服相关信息: 
[{
	"tag":"demo spring 游戏逻辑服",
	"服务器数量":1
}, {
	"tag":"对外服",
	"服务器数量":1
}]
2022-12-19 11:50:50.635 INFO [Bolt-default-executor-19-thread-4]com.iohao.game.bolt.broker.server.kit.BrokerPrintKit.print:65 -当前网关【10200】与逻辑服相关信息: 
[{
	"tag":"demo spring 游戏逻辑服",
	"服务器数量":1
}, {
	"tag":"对外服",
	"服务器数量":1
}]
2022-12-19 11:51:03.125 INFO [main]c.i.g.b.b.c.e.bootstrap.initializer.ExternalChannelInitializerCallbackFactory.createExternalChannelInitializerCallback:57 -游戏对外服-启动方式 ==== websocket ====
2022-12-19 11:51:03.413 INFO [class com.iohao.game.simple.SimpleRunOne0]com.iohao.game.bolt.broker.server.BrokerServer.startup:79 -bolt-broker （游戏网关）port: [10200] 启动模式: [单机启动模式 standalone] 
2022-12-19 11:51:03.478 INFO [Bolt-conn-event-executor-18-thread-1]c.i.game.bolt.broker.server.processor.connection.ConnectionEventBrokerProcessor.onEvent:60 -通知客户端发送模块信息 ConnectionEvent remoteAddress : 192.168.56.1:50669
2022-12-19 11:51:03.503 INFO [Bolt-conn-event-executor-18-thread-1]c.i.game.bolt.broker.server.processor.connection.ConnectionEventBrokerProcessor.onEvent:60 -通知客户端发送模块信息 ConnectionEvent remoteAddress : 192.168.56.1:50670
2022-12-19 11:51:03.510 INFO [class com.iohao.game.simple.SimpleRunOne1]com.iohao.game.bolt.broker.client.external.ExternalServer.doStart:70 -external 启动游戏对外服 ! port: 10100
2022-12-19 11:51:03.597 INFO [Bolt-default-executor-19-thread-1]com.iohao.game.bolt.broker.core.client.BrokerClientItem.registerToBroker:287 -逻辑服发模块信息给 broker （游戏网关） : {
	"address":"192.168.56.1",
	"brokerClientType":1,
	"cmdMergeList":[
		
	],
	"id":"b65d5df1-e200-4058-ba63-93a82d1deeec",
	"idHash":-940704892,
	"name":"游戏对外服",
	"tag":"external"
}
2022-12-19 11:51:03.597 INFO [Bolt-default-executor-19-thread-2]com.iohao.game.bolt.broker.core.client.BrokerClientItem.registerToBroker:287 -逻辑服发模块信息给 broker （游戏网关） : {
	"address":"192.168.56.1",
	"brokerClientType":0,
	"cmdMergeList":[
		65537,
		65538,
		65539
	],
	"id":"f16292aa-34b7-45a4-af21-bc50daaeff95",
	"idHash":-679844289,
	"name":"demo spring 游戏逻辑服",
	"tag":"demo spring 游戏逻辑服"
}
2022-12-19 11:51:03.601 INFO [Bolt-default-executor-19-thread-3]c.i.game.bolt.broker.server.processor.RegisterBrokerClientMessageBrokerProcessor.print:88 -模块注册信息 --- 网关port: [10200] --- BrokerClientMessage{name='demo spring 游戏逻辑服', tag='demo spring 游戏逻辑服', brokerClientType=LOGIC, address='192.168.56.1:50669', cmdMergeSize=0, id='f16292aa-34b7-45a4-af21-bc50daaeff95'}
2022-12-19 11:51:03.601 INFO [Bolt-default-executor-19-thread-4]c.i.game.bolt.broker.server.processor.RegisterBrokerClientMessageBrokerProcessor.print:88 -模块注册信息 --- 网关port: [10200] --- BrokerClientMessage{name='游戏对外服', tag='external', brokerClientType=EXTERNAL, address='192.168.56.1:50670', cmdMergeSize=0, id='b65d5df1-e200-4058-ba63-93a82d1deeec'}
2022-12-19 11:51:03.607 INFO [Bolt-default-executor-19-thread-3]com.iohao.game.bolt.broker.server.kit.BrokerPrintKit.print:65 -当前网关【10200】与逻辑服相关信息: 
[{
	"tag":"demo spring 游戏逻辑服",
	"服务器数量":1
}, {
	"tag":"对外服",
	"服务器数量":1
}]
2022-12-19 11:51:03.607 INFO [Bolt-default-executor-19-thread-4]com.iohao.game.bolt.broker.server.kit.BrokerPrintKit.print:65 -当前网关【10200】与逻辑服相关信息: 
[{
	"tag":"demo spring 游戏逻辑服",
	"服务器数量":1
}, {
	"tag":"对外服",
	"服务器数量":1
}]
2022-12-19 13:30:35.630 INFO [main]c.i.g.b.b.c.e.bootstrap.initializer.ExternalChannelInitializerCallbackFactory.createExternalChannelInitializerCallback:57 -游戏对外服-启动方式 ==== websocket ====
2022-12-19 13:30:35.966 INFO [class com.iohao.game.simple.SimpleRunOne0]com.iohao.game.bolt.broker.server.BrokerServer.startup:79 -bolt-broker （游戏网关）port: [10200] 启动模式: [单机启动模式 standalone] 
2022-12-19 13:30:35.985 INFO [Bolt-conn-event-executor-18-thread-1]c.i.game.bolt.broker.server.processor.connection.ConnectionEventBrokerProcessor.onEvent:60 -通知客户端发送模块信息 ConnectionEvent remoteAddress : 192.168.56.1:56334
2022-12-19 13:30:36.024 INFO [Bolt-conn-event-executor-18-thread-1]c.i.game.bolt.broker.server.processor.connection.ConnectionEventBrokerProcessor.onEvent:60 -通知客户端发送模块信息 ConnectionEvent remoteAddress : 192.168.56.1:56335
2022-12-19 13:30:36.032 INFO [class com.iohao.game.simple.SimpleRunOne1]com.iohao.game.bolt.broker.client.external.ExternalServer.doStart:70 -external 启动游戏对外服 ! port: 10100
2022-12-19 13:30:36.205 INFO [Bolt-default-executor-19-thread-1]com.iohao.game.bolt.broker.core.client.BrokerClientItem.registerToBroker:287 -逻辑服发模块信息给 broker （游戏网关） : {
	"address":"192.168.56.1",
	"brokerClientType":1,
	"cmdMergeList":[
		
	],
	"id":"01a347f4-25ef-4d9d-960c-9ef7e5061d0d",
	"idHash":-1898633126,
	"name":"游戏对外服",
	"tag":"external"
}
2022-12-19 13:30:36.205 INFO [Bolt-default-executor-19-thread-2]com.iohao.game.bolt.broker.core.client.BrokerClientItem.registerToBroker:287 -逻辑服发模块信息给 broker （游戏网关） : {
	"address":"192.168.56.1",
	"brokerClientType":0,
	"cmdMergeList":[
		
	],
	"id":"7a78c40d-a0c2-48ba-bb64-7af99edd5f3a",
	"idHash":-357154874,
	"name":"demo spring 游戏逻辑服",
	"tag":"demo spring 游戏逻辑服"
}
2022-12-19 13:30:36.211 INFO [Bolt-default-executor-19-thread-3]c.i.game.bolt.broker.server.processor.RegisterBrokerClientMessageBrokerProcessor.print:88 -模块注册信息 --- 网关port: [10200] --- BrokerClientMessage{name='游戏对外服', tag='external', brokerClientType=EXTERNAL, address='192.168.56.1:56335', cmdMergeSize=0, id='01a347f4-25ef-4d9d-960c-9ef7e5061d0d'}
2022-12-19 13:30:36.211 INFO [Bolt-default-executor-19-thread-4]c.i.game.bolt.broker.server.processor.RegisterBrokerClientMessageBrokerProcessor.print:88 -模块注册信息 --- 网关port: [10200] --- BrokerClientMessage{name='demo spring 游戏逻辑服', tag='demo spring 游戏逻辑服', brokerClientType=LOGIC, address='192.168.56.1:56334', cmdMergeSize=0, id='7a78c40d-a0c2-48ba-bb64-7af99edd5f3a'}
2022-12-19 13:30:36.221 INFO [Bolt-default-executor-19-thread-4]com.iohao.game.bolt.broker.server.kit.BrokerPrintKit.print:65 -当前网关【10200】与逻辑服相关信息: 
[{
	"tag":"demo spring 游戏逻辑服",
	"服务器数量":1
}, {
	"tag":"对外服",
	"服务器数量":1
}]
2022-12-19 13:30:36.221 INFO [Bolt-default-executor-19-thread-3]com.iohao.game.bolt.broker.server.kit.BrokerPrintKit.print:65 -当前网关【10200】与逻辑服相关信息: 
[{
	"tag":"demo spring 游戏逻辑服",
	"服务器数量":1
}, {
	"tag":"对外服",
	"服务器数量":1
}]
2022-12-19 13:49:34.830 INFO [main]c.i.g.b.b.c.e.bootstrap.initializer.ExternalChannelInitializerCallbackFactory.createExternalChannelInitializerCallback:57 -游戏对外服-启动方式 ==== websocket ====
2022-12-19 13:49:35.121 INFO [class com.iohao.game.simple.SimpleRunOne0]com.iohao.game.bolt.broker.server.BrokerServer.startup:79 -bolt-broker （游戏网关）port: [10200] 启动模式: [单机启动模式 standalone] 
2022-12-19 13:49:35.188 INFO [Bolt-conn-event-executor-18-thread-1]c.i.game.bolt.broker.server.processor.connection.ConnectionEventBrokerProcessor.onEvent:60 -通知客户端发送模块信息 ConnectionEvent remoteAddress : 192.168.56.1:61210
2022-12-19 13:49:35.217 INFO [Bolt-conn-event-executor-18-thread-1]c.i.game.bolt.broker.server.processor.connection.ConnectionEventBrokerProcessor.onEvent:60 -通知客户端发送模块信息 ConnectionEvent remoteAddress : 192.168.56.1:61211
2022-12-19 13:49:35.222 INFO [class com.iohao.game.simple.SimpleRunOne1]com.iohao.game.bolt.broker.client.external.ExternalServer.doStart:70 -external 启动游戏对外服 ! port: 10100
2022-12-19 13:49:35.335 INFO [Bolt-default-executor-19-thread-1]com.iohao.game.bolt.broker.core.client.BrokerClientItem.registerToBroker:287 -逻辑服发模块信息给 broker （游戏网关） : {
	"address":"192.168.56.1",
	"brokerClientType":1,
	"cmdMergeList":[
		
	],
	"id":"3cff6435-bd62-464a-b439-28988645ad46",
	"idHash":-2048795417,
	"name":"游戏对外服",
	"tag":"external"
}
2022-12-19 13:49:35.335 INFO [Bolt-default-executor-19-thread-2]com.iohao.game.bolt.broker.core.client.BrokerClientItem.registerToBroker:287 -逻辑服发模块信息给 broker （游戏网关） : {
	"address":"192.168.56.1",
	"brokerClientType":0,
	"cmdMergeList":[
		65537
	],
	"id":"de68427a-8be2-493b-a8ad-5e67a4fb27e4",
	"idHash":-1985286059,
	"name":"demo spring 游戏逻辑服",
	"tag":"demo spring 游戏逻辑服"
}
2022-12-19 13:49:35.342 INFO [Bolt-default-executor-19-thread-3]c.i.game.bolt.broker.server.processor.RegisterBrokerClientMessageBrokerProcessor.print:88 -模块注册信息 --- 网关port: [10200] --- BrokerClientMessage{name='demo spring 游戏逻辑服', tag='demo spring 游戏逻辑服', brokerClientType=LOGIC, address='192.168.56.1:61210', cmdMergeSize=0, id='de68427a-8be2-493b-a8ad-5e67a4fb27e4'}
2022-12-19 13:49:35.342 INFO [Bolt-default-executor-19-thread-4]c.i.game.bolt.broker.server.processor.RegisterBrokerClientMessageBrokerProcessor.print:88 -模块注册信息 --- 网关port: [10200] --- BrokerClientMessage{name='游戏对外服', tag='external', brokerClientType=EXTERNAL, address='192.168.56.1:61211', cmdMergeSize=0, id='3cff6435-bd62-464a-b439-28988645ad46'}
2022-12-19 13:49:35.348 INFO [Bolt-default-executor-19-thread-3]com.iohao.game.bolt.broker.server.kit.BrokerPrintKit.print:65 -当前网关【10200】与逻辑服相关信息: 
[{
	"tag":"demo spring 游戏逻辑服",
	"服务器数量":1
}, {
	"tag":"对外服",
	"服务器数量":1
}]
2022-12-19 13:49:35.348 INFO [Bolt-default-executor-19-thread-4]com.iohao.game.bolt.broker.server.kit.BrokerPrintKit.print:65 -当前网关【10200】与逻辑服相关信息: 
[{
	"tag":"demo spring 游戏逻辑服",
	"服务器数量":1
}, {
	"tag":"对外服",
	"服务器数量":1
}]
2022-12-19 13:56:55.952 INFO [main]c.i.g.b.b.c.e.bootstrap.initializer.ExternalChannelInitializerCallbackFactory.createExternalChannelInitializerCallback:57 -游戏对外服-启动方式 ==== websocket ====
2022-12-19 13:56:56.238 INFO [class com.iohao.game.simple.SimpleRunOne0]com.iohao.game.bolt.broker.server.BrokerServer.startup:79 -bolt-broker （游戏网关）port: [10200] 启动模式: [单机启动模式 standalone] 
2022-12-19 13:56:56.299 INFO [Bolt-conn-event-executor-18-thread-1]c.i.game.bolt.broker.server.processor.connection.ConnectionEventBrokerProcessor.onEvent:60 -通知客户端发送模块信息 ConnectionEvent remoteAddress : 192.168.56.1:62979
2022-12-19 13:56:56.327 INFO [Bolt-conn-event-executor-18-thread-1]c.i.game.bolt.broker.server.processor.connection.ConnectionEventBrokerProcessor.onEvent:60 -通知客户端发送模块信息 ConnectionEvent remoteAddress : 192.168.56.1:62980
2022-12-19 13:56:56.334 INFO [class com.iohao.game.simple.SimpleRunOne1]com.iohao.game.bolt.broker.client.external.ExternalServer.doStart:70 -external 启动游戏对外服 ! port: 10100
2022-12-19 13:56:56.426 INFO [Bolt-default-executor-19-thread-2]com.iohao.game.bolt.broker.core.client.BrokerClientItem.registerToBroker:287 -逻辑服发模块信息给 broker （游戏网关） : {
	"address":"192.168.56.1",
	"brokerClientType":1,
	"cmdMergeList":[
		
	],
	"id":"84ac9d35-46dc-4040-aa7b-6cb2f58cbb41",
	"idHash":1810926559,
	"name":"游戏对外服",
	"tag":"external"
}
2022-12-19 13:56:56.426 INFO [Bolt-default-executor-19-thread-1]com.iohao.game.bolt.broker.core.client.BrokerClientItem.registerToBroker:287 -逻辑服发模块信息给 broker （游戏网关） : {
	"address":"192.168.56.1",
	"brokerClientType":0,
	"cmdMergeList":[
		65537
	],
	"id":"07c2c69a-2e98-41c5-9377-7782b977c273",
	"idHash":1100421036,
	"name":"demo spring 游戏逻辑服",
	"tag":"demo spring 游戏逻辑服"
}
2022-12-19 13:56:56.430 INFO [Bolt-default-executor-19-thread-3]c.i.game.bolt.broker.server.processor.RegisterBrokerClientMessageBrokerProcessor.print:88 -模块注册信息 --- 网关port: [10200] --- BrokerClientMessage{name='demo spring 游戏逻辑服', tag='demo spring 游戏逻辑服', brokerClientType=LOGIC, address='192.168.56.1:62979', cmdMergeSize=0, id='07c2c69a-2e98-41c5-9377-7782b977c273'}
2022-12-19 13:56:56.430 INFO [Bolt-default-executor-19-thread-4]c.i.game.bolt.broker.server.processor.RegisterBrokerClientMessageBrokerProcessor.print:88 -模块注册信息 --- 网关port: [10200] --- BrokerClientMessage{name='游戏对外服', tag='external', brokerClientType=EXTERNAL, address='192.168.56.1:62980', cmdMergeSize=0, id='84ac9d35-46dc-4040-aa7b-6cb2f58cbb41'}
2022-12-19 13:56:56.437 INFO [Bolt-default-executor-19-thread-4]com.iohao.game.bolt.broker.server.kit.BrokerPrintKit.print:65 -当前网关【10200】与逻辑服相关信息: 
[{
	"tag":"demo spring 游戏逻辑服",
	"服务器数量":1
}, {
	"tag":"对外服",
	"服务器数量":1
}]
2022-12-19 13:56:56.437 INFO [Bolt-default-executor-19-thread-3]com.iohao.game.bolt.broker.server.kit.BrokerPrintKit.print:65 -当前网关【10200】与逻辑服相关信息: 
[{
	"tag":"demo spring 游戏逻辑服",
	"服务器数量":1
}, {
	"tag":"对外服",
	"服务器数量":1
}]
2022-12-19 13:59:11.571 INFO [main]c.i.g.b.b.c.e.bootstrap.initializer.ExternalChannelInitializerCallbackFactory.createExternalChannelInitializerCallback:57 -游戏对外服-启动方式 ==== websocket ====
2022-12-19 13:59:11.846 INFO [class com.iohao.game.simple.SimpleRunOne0]com.iohao.game.bolt.broker.server.BrokerServer.startup:79 -bolt-broker （游戏网关）port: [10200] 启动模式: [单机启动模式 standalone] 
2022-12-19 13:59:11.909 INFO [Bolt-conn-event-executor-18-thread-1]c.i.game.bolt.broker.server.processor.connection.ConnectionEventBrokerProcessor.onEvent:60 -通知客户端发送模块信息 ConnectionEvent remoteAddress : 192.168.56.1:63628
2022-12-19 13:59:11.940 INFO [Bolt-conn-event-executor-18-thread-1]c.i.game.bolt.broker.server.processor.connection.ConnectionEventBrokerProcessor.onEvent:60 -通知客户端发送模块信息 ConnectionEvent remoteAddress : 192.168.56.1:63629
2022-12-19 13:59:11.948 INFO [class com.iohao.game.simple.SimpleRunOne1]com.iohao.game.bolt.broker.client.external.ExternalServer.doStart:70 -external 启动游戏对外服 ! port: 10100
2022-12-19 13:59:12.045 INFO [Bolt-default-executor-19-thread-2]com.iohao.game.bolt.broker.core.client.BrokerClientItem.registerToBroker:287 -逻辑服发模块信息给 broker （游戏网关） : {
	"address":"192.168.56.1",
	"brokerClientType":1,
	"cmdMergeList":[
		
	],
	"id":"eef0d010-0d74-4a0b-909d-1cea4ff63f78",
	"idHash":-1985238871,
	"name":"游戏对外服",
	"tag":"external"
}
2022-12-19 13:59:12.045 INFO [Bolt-default-executor-19-thread-1]com.iohao.game.bolt.broker.core.client.BrokerClientItem.registerToBroker:287 -逻辑服发模块信息给 broker （游戏网关） : {
	"address":"192.168.56.1",
	"brokerClientType":0,
	"cmdMergeList":[
		65537
	],
	"id":"35b6c9a8-cbb1-4b79-a0fe-113db9aeaee1",
	"idHash":-86668460,
	"name":"demo spring 游戏逻辑服",
	"tag":"demo spring 游戏逻辑服"
}
2022-12-19 13:59:12.050 INFO [Bolt-default-executor-19-thread-4]c.i.game.bolt.broker.server.processor.RegisterBrokerClientMessageBrokerProcessor.print:88 -模块注册信息 --- 网关port: [10200] --- BrokerClientMessage{name='demo spring 游戏逻辑服', tag='demo spring 游戏逻辑服', brokerClientType=LOGIC, address='192.168.56.1:63628', cmdMergeSize=0, id='35b6c9a8-cbb1-4b79-a0fe-113db9aeaee1'}
2022-12-19 13:59:12.050 INFO [Bolt-default-executor-19-thread-3]c.i.game.bolt.broker.server.processor.RegisterBrokerClientMessageBrokerProcessor.print:88 -模块注册信息 --- 网关port: [10200] --- BrokerClientMessage{name='游戏对外服', tag='external', brokerClientType=EXTERNAL, address='192.168.56.1:63629', cmdMergeSize=0, id='eef0d010-0d74-4a0b-909d-1cea4ff63f78'}
2022-12-19 13:59:12.057 INFO [Bolt-default-executor-19-thread-4]com.iohao.game.bolt.broker.server.kit.BrokerPrintKit.print:65 -当前网关【10200】与逻辑服相关信息: 
[{
	"tag":"demo spring 游戏逻辑服",
	"服务器数量":1
}, {
	"tag":"对外服",
	"服务器数量":1
}]
2022-12-19 13:59:12.057 INFO [Bolt-default-executor-19-thread-3]com.iohao.game.bolt.broker.server.kit.BrokerPrintKit.print:65 -当前网关【10200】与逻辑服相关信息: 
[{
	"tag":"demo spring 游戏逻辑服",
	"服务器数量":1
}, {
	"tag":"对外服",
	"服务器数量":1
}]
2022-12-19 14:00:31.643 INFO [main]c.i.g.b.b.c.e.bootstrap.initializer.ExternalChannelInitializerCallbackFactory.createExternalChannelInitializerCallback:57 -游戏对外服-启动方式 ==== websocket ====
2022-12-19 14:00:31.936 INFO [class com.iohao.game.simple.SimpleRunOne0]com.iohao.game.bolt.broker.server.BrokerServer.startup:79 -bolt-broker （游戏网关）port: [10200] 启动模式: [单机启动模式 standalone] 
2022-12-19 14:00:32.010 INFO [Bolt-conn-event-executor-18-thread-1]c.i.game.bolt.broker.server.processor.connection.ConnectionEventBrokerProcessor.onEvent:60 -通知客户端发送模块信息 ConnectionEvent remoteAddress : 192.168.56.1:64022
2022-12-19 14:00:32.051 INFO [Bolt-conn-event-executor-18-thread-1]c.i.game.bolt.broker.server.processor.connection.ConnectionEventBrokerProcessor.onEvent:60 -通知客户端发送模块信息 ConnectionEvent remoteAddress : 192.168.56.1:64023
2022-12-19 14:00:32.057 INFO [class com.iohao.game.simple.SimpleRunOne1]com.iohao.game.bolt.broker.client.external.ExternalServer.doStart:70 -external 启动游戏对外服 ! port: 10100
2022-12-19 14:00:32.152 INFO [Bolt-default-executor-19-thread-1]com.iohao.game.bolt.broker.core.client.BrokerClientItem.registerToBroker:287 -逻辑服发模块信息给 broker （游戏网关） : {
	"address":"192.168.56.1",
	"brokerClientType":1,
	"cmdMergeList":[
		
	],
	"id":"ae503471-0f80-4b0a-a054-765883818369",
	"idHash":-467300351,
	"name":"游戏对外服",
	"tag":"external"
}
2022-12-19 14:00:32.152 INFO [Bolt-default-executor-19-thread-2]com.iohao.game.bolt.broker.core.client.BrokerClientItem.registerToBroker:287 -逻辑服发模块信息给 broker （游戏网关） : {
	"address":"192.168.56.1",
	"brokerClientType":0,
	"cmdMergeList":[
		65537
	],
	"id":"a1b44640-b09f-424a-bcfe-58863dbc90ff",
	"idHash":-1852257015,
	"name":"demo spring 游戏逻辑服",
	"tag":"demo spring 游戏逻辑服"
}
2022-12-19 14:00:32.158 INFO [Bolt-default-executor-19-thread-4]c.i.game.bolt.broker.server.processor.RegisterBrokerClientMessageBrokerProcessor.print:88 -模块注册信息 --- 网关port: [10200] --- BrokerClientMessage{name='demo spring 游戏逻辑服', tag='demo spring 游戏逻辑服', brokerClientType=LOGIC, address='192.168.56.1:64022', cmdMergeSize=0, id='a1b44640-b09f-424a-bcfe-58863dbc90ff'}
2022-12-19 14:00:32.158 INFO [Bolt-default-executor-19-thread-3]c.i.game.bolt.broker.server.processor.RegisterBrokerClientMessageBrokerProcessor.print:88 -模块注册信息 --- 网关port: [10200] --- BrokerClientMessage{name='游戏对外服', tag='external', brokerClientType=EXTERNAL, address='192.168.56.1:64023', cmdMergeSize=0, id='ae503471-0f80-4b0a-a054-765883818369'}
2022-12-19 14:00:32.164 INFO [Bolt-default-executor-19-thread-4]com.iohao.game.bolt.broker.server.kit.BrokerPrintKit.print:65 -当前网关【10200】与逻辑服相关信息: 
[{
	"tag":"demo spring 游戏逻辑服",
	"服务器数量":1
}, {
	"tag":"对外服",
	"服务器数量":1
}]
2022-12-19 14:00:32.164 INFO [Bolt-default-executor-19-thread-3]com.iohao.game.bolt.broker.server.kit.BrokerPrintKit.print:65 -当前网关【10200】与逻辑服相关信息: 
[{
	"tag":"demo spring 游戏逻辑服",
	"服务器数量":1
}, {
	"tag":"对外服",
	"服务器数量":1
}]
2022-12-19 14:01:17.583 INFO [main]c.i.g.b.b.c.e.bootstrap.initializer.ExternalChannelInitializerCallbackFactory.createExternalChannelInitializerCallback:57 -游戏对外服-启动方式 ==== websocket ====
2022-12-19 14:01:17.871 INFO [class com.iohao.game.simple.SimpleRunOne0]com.iohao.game.bolt.broker.server.BrokerServer.startup:79 -bolt-broker （游戏网关）port: [10200] 启动模式: [单机启动模式 standalone] 
2022-12-19 14:01:17.954 INFO [Bolt-conn-event-executor-18-thread-1]c.i.game.bolt.broker.server.processor.connection.ConnectionEventBrokerProcessor.onEvent:60 -通知客户端发送模块信息 ConnectionEvent remoteAddress : 192.168.56.1:64308
2022-12-19 14:01:17.983 INFO [Bolt-conn-event-executor-18-thread-1]c.i.game.bolt.broker.server.processor.connection.ConnectionEventBrokerProcessor.onEvent:60 -通知客户端发送模块信息 ConnectionEvent remoteAddress : 192.168.56.1:64309
2022-12-19 14:01:17.989 INFO [class com.iohao.game.simple.SimpleRunOne1]com.iohao.game.bolt.broker.client.external.ExternalServer.doStart:70 -external 启动游戏对外服 ! port: 10100
2022-12-19 14:01:18.092 INFO [Bolt-default-executor-19-thread-1]com.iohao.game.bolt.broker.core.client.BrokerClientItem.registerToBroker:287 -逻辑服发模块信息给 broker （游戏网关） : {
	"address":"192.168.56.1",
	"brokerClientType":1,
	"cmdMergeList":[
		
	],
	"id":"e679c0d6-f9ba-46c3-a9d7-8974bd0b1e13",
	"idHash":1930213527,
	"name":"游戏对外服",
	"tag":"external"
}
2022-12-19 14:01:18.093 INFO [Bolt-default-executor-19-thread-2]com.iohao.game.bolt.broker.core.client.BrokerClientItem.registerToBroker:287 -逻辑服发模块信息给 broker （游戏网关） : {
	"address":"192.168.56.1",
	"brokerClientType":0,
	"cmdMergeList":[
		65537
	],
	"id":"9a5a2629-83a5-476b-9653-a3eb17b1961a",
	"idHash":1005388712,
	"name":"demo spring 游戏逻辑服",
	"tag":"demo spring 游戏逻辑服"
}
2022-12-19 14:01:18.098 INFO [Bolt-default-executor-19-thread-4]c.i.game.bolt.broker.server.processor.RegisterBrokerClientMessageBrokerProcessor.print:88 -模块注册信息 --- 网关port: [10200] --- BrokerClientMessage{name='demo spring 游戏逻辑服', tag='demo spring 游戏逻辑服', brokerClientType=LOGIC, address='192.168.56.1:64308', cmdMergeSize=0, id='9a5a2629-83a5-476b-9653-a3eb17b1961a'}
2022-12-19 14:01:18.098 INFO [Bolt-default-executor-19-thread-3]c.i.game.bolt.broker.server.processor.RegisterBrokerClientMessageBrokerProcessor.print:88 -模块注册信息 --- 网关port: [10200] --- BrokerClientMessage{name='游戏对外服', tag='external', brokerClientType=EXTERNAL, address='192.168.56.1:64309', cmdMergeSize=0, id='e679c0d6-f9ba-46c3-a9d7-8974bd0b1e13'}
2022-12-19 14:01:18.106 INFO [Bolt-default-executor-19-thread-3]com.iohao.game.bolt.broker.server.kit.BrokerPrintKit.print:65 -当前网关【10200】与逻辑服相关信息: 
[{
	"tag":"demo spring 游戏逻辑服",
	"服务器数量":1
}, {
	"tag":"对外服",
	"服务器数量":1
}]
2022-12-19 14:01:18.106 INFO [Bolt-default-executor-19-thread-4]com.iohao.game.bolt.broker.server.kit.BrokerPrintKit.print:65 -当前网关【10200】与逻辑服相关信息: 
[{
	"tag":"demo spring 游戏逻辑服",
	"服务器数量":1
}, {
	"tag":"对外服",
	"服务器数量":1
}]
2022-12-19 14:02:08.934 INFO [main]c.i.g.b.b.c.e.bootstrap.initializer.ExternalChannelInitializerCallbackFactory.createExternalChannelInitializerCallback:57 -游戏对外服-启动方式 ==== websocket ====
2022-12-19 14:02:09.237 INFO [class com.iohao.game.simple.SimpleRunOne0]com.iohao.game.bolt.broker.server.BrokerServer.startup:79 -bolt-broker （游戏网关）port: [10200] 启动模式: [单机启动模式 standalone] 
2022-12-19 14:02:09.318 INFO [Bolt-conn-event-executor-18-thread-1]c.i.game.bolt.broker.server.processor.connection.ConnectionEventBrokerProcessor.onEvent:60 -通知客户端发送模块信息 ConnectionEvent remoteAddress : 192.168.56.1:64582
2022-12-19 14:02:09.350 INFO [Bolt-conn-event-executor-18-thread-1]c.i.game.bolt.broker.server.processor.connection.ConnectionEventBrokerProcessor.onEvent:60 -通知客户端发送模块信息 ConnectionEvent remoteAddress : 192.168.56.1:64583
2022-12-19 14:02:09.357 INFO [class com.iohao.game.simple.SimpleRunOne1]com.iohao.game.bolt.broker.client.external.ExternalServer.doStart:70 -external 启动游戏对外服 ! port: 10100
2022-12-19 14:02:09.444 INFO [Bolt-default-executor-19-thread-2]com.iohao.game.bolt.broker.core.client.BrokerClientItem.registerToBroker:287 -逻辑服发模块信息给 broker （游戏网关） : {
	"address":"192.168.56.1",
	"brokerClientType":1,
	"cmdMergeList":[
		
	],
	"id":"772a4141-e5fd-41e5-99b9-f36c88b47034",
	"idHash":-2012273070,
	"name":"游戏对外服",
	"tag":"external"
}
2022-12-19 14:02:09.444 INFO [Bolt-default-executor-19-thread-1]com.iohao.game.bolt.broker.core.client.BrokerClientItem.registerToBroker:287 -逻辑服发模块信息给 broker （游戏网关） : {
	"address":"192.168.56.1",
	"brokerClientType":0,
	"cmdMergeList":[
		65537
	],
	"id":"4ad63532-d359-4669-b36a-2edd5aa08595",
	"idHash":-824131379,
	"name":"demo spring 游戏逻辑服",
	"tag":"demo spring 游戏逻辑服"
}
2022-12-19 14:02:09.449 INFO [Bolt-default-executor-19-thread-4]c.i.game.bolt.broker.server.processor.RegisterBrokerClientMessageBrokerProcessor.print:88 -模块注册信息 --- 网关port: [10200] --- BrokerClientMessage{name='demo spring 游戏逻辑服', tag='demo spring 游戏逻辑服', brokerClientType=LOGIC, address='192.168.56.1:64582', cmdMergeSize=0, id='4ad63532-d359-4669-b36a-2edd5aa08595'}
2022-12-19 14:02:09.449 INFO [Bolt-default-executor-19-thread-3]c.i.game.bolt.broker.server.processor.RegisterBrokerClientMessageBrokerProcessor.print:88 -模块注册信息 --- 网关port: [10200] --- BrokerClientMessage{name='游戏对外服', tag='external', brokerClientType=EXTERNAL, address='192.168.56.1:64583', cmdMergeSize=0, id='772a4141-e5fd-41e5-99b9-f36c88b47034'}
2022-12-19 14:02:09.456 INFO [Bolt-default-executor-19-thread-4]com.iohao.game.bolt.broker.server.kit.BrokerPrintKit.print:65 -当前网关【10200】与逻辑服相关信息: 
[{
	"tag":"demo spring 游戏逻辑服",
	"服务器数量":1
}, {
	"tag":"对外服",
	"服务器数量":1
}]
2022-12-19 14:02:09.456 INFO [Bolt-default-executor-19-thread-3]com.iohao.game.bolt.broker.server.kit.BrokerPrintKit.print:65 -当前网关【10200】与逻辑服相关信息: 
[{
	"tag":"demo spring 游戏逻辑服",
	"服务器数量":1
}, {
	"tag":"对外服",
	"服务器数量":1
}]
2022-12-19 14:02:45.095 INFO [main]c.i.g.b.b.c.e.bootstrap.initializer.ExternalChannelInitializerCallbackFactory.createExternalChannelInitializerCallback:57 -游戏对外服-启动方式 ==== websocket ====
2022-12-19 14:02:45.398 INFO [class com.iohao.game.simple.SimpleRunOne0]com.iohao.game.bolt.broker.server.BrokerServer.startup:79 -bolt-broker （游戏网关）port: [10200] 启动模式: [单机启动模式 standalone] 
2022-12-19 14:02:45.466 INFO [Bolt-conn-event-executor-18-thread-1]c.i.game.bolt.broker.server.processor.connection.ConnectionEventBrokerProcessor.onEvent:60 -通知客户端发送模块信息 ConnectionEvent remoteAddress : 192.168.56.1:64727
2022-12-19 14:02:45.501 INFO [Bolt-conn-event-executor-18-thread-1]c.i.game.bolt.broker.server.processor.connection.ConnectionEventBrokerProcessor.onEvent:60 -通知客户端发送模块信息 ConnectionEvent remoteAddress : 192.168.56.1:64731
2022-12-19 14:02:45.508 INFO [class com.iohao.game.simple.SimpleRunOne1]com.iohao.game.bolt.broker.client.external.ExternalServer.doStart:70 -external 启动游戏对外服 ! port: 10100
2022-12-19 14:02:45.596 INFO [Bolt-default-executor-19-thread-2]com.iohao.game.bolt.broker.core.client.BrokerClientItem.registerToBroker:287 -逻辑服发模块信息给 broker （游戏网关） : {
	"address":"192.168.56.1",
	"brokerClientType":1,
	"cmdMergeList":[
		
	],
	"id":"73fad69f-7fa2-4d2d-bd4f-4da7986fe93c",
	"idHash":1842097899,
	"name":"游戏对外服",
	"tag":"external"
}
2022-12-19 14:02:45.596 INFO [Bolt-default-executor-19-thread-1]com.iohao.game.bolt.broker.core.client.BrokerClientItem.registerToBroker:287 -逻辑服发模块信息给 broker （游戏网关） : {
	"address":"192.168.56.1",
	"brokerClientType":0,
	"cmdMergeList":[
		65537
	],
	"id":"cf4c53f7-ee86-424d-83a6-543880581301",
	"idHash":-1421463322,
	"name":"demo spring 游戏逻辑服",
	"tag":"demo spring 游戏逻辑服"
}
2022-12-19 14:02:45.601 INFO [Bolt-default-executor-19-thread-4]c.i.game.bolt.broker.server.processor.RegisterBrokerClientMessageBrokerProcessor.print:88 -模块注册信息 --- 网关port: [10200] --- BrokerClientMessage{name='游戏对外服', tag='external', brokerClientType=EXTERNAL, address='192.168.56.1:64731', cmdMergeSize=0, id='73fad69f-7fa2-4d2d-bd4f-4da7986fe93c'}
2022-12-19 14:02:45.601 INFO [Bolt-default-executor-19-thread-3]c.i.game.bolt.broker.server.processor.RegisterBrokerClientMessageBrokerProcessor.print:88 -模块注册信息 --- 网关port: [10200] --- BrokerClientMessage{name='demo spring 游戏逻辑服', tag='demo spring 游戏逻辑服', brokerClientType=LOGIC, address='192.168.56.1:64727', cmdMergeSize=0, id='cf4c53f7-ee86-424d-83a6-543880581301'}
2022-12-19 14:02:45.608 INFO [Bolt-default-executor-19-thread-3]com.iohao.game.bolt.broker.server.kit.BrokerPrintKit.print:65 -当前网关【10200】与逻辑服相关信息: 
[{
	"tag":"demo spring 游戏逻辑服",
	"服务器数量":1
}, {
	"tag":"对外服",
	"服务器数量":1
}]
2022-12-19 14:02:45.608 INFO [Bolt-default-executor-19-thread-4]com.iohao.game.bolt.broker.server.kit.BrokerPrintKit.print:65 -当前网关【10200】与逻辑服相关信息: 
[{
	"tag":"demo spring 游戏逻辑服",
	"服务器数量":1
}, {
	"tag":"对外服",
	"服务器数量":1
}]
2022-12-19 14:32:20.160 INFO [main]c.i.g.b.b.c.e.bootstrap.initializer.ExternalChannelInitializerCallbackFactory.createExternalChannelInitializerCallback:57 -游戏对外服-启动方式 ==== websocket ====
2022-12-19 14:32:20.431 INFO [class com.iohao.game.simple.SimpleRunOne0]com.iohao.game.bolt.broker.server.BrokerServer.startup:79 -bolt-broker （游戏网关）port: [10200] 启动模式: [单机启动模式 standalone] 
2022-12-19 14:32:20.506 INFO [Bolt-conn-event-executor-18-thread-1]c.i.game.bolt.broker.server.processor.connection.ConnectionEventBrokerProcessor.onEvent:60 -通知客户端发送模块信息 ConnectionEvent remoteAddress : 192.168.56.1:50138
2022-12-19 14:32:20.537 INFO [Bolt-conn-event-executor-18-thread-1]c.i.game.bolt.broker.server.processor.connection.ConnectionEventBrokerProcessor.onEvent:60 -通知客户端发送模块信息 ConnectionEvent remoteAddress : 192.168.56.1:50139
2022-12-19 14:32:20.543 INFO [class com.iohao.game.simple.SimpleRunOne1]com.iohao.game.bolt.broker.client.external.ExternalServer.doStart:70 -external 启动游戏对外服 ! port: 10100
2022-12-19 14:32:20.631 INFO [Bolt-default-executor-19-thread-2]com.iohao.game.bolt.broker.core.client.BrokerClientItem.registerToBroker:287 -逻辑服发模块信息给 broker （游戏网关） : {
	"address":"192.168.56.1",
	"brokerClientType":1,
	"cmdMergeList":[
		
	],
	"id":"f342f570-67b1-4e6f-92db-1dc9c44abfef",
	"idHash":1526716702,
	"name":"游戏对外服",
	"tag":"external"
}
2022-12-19 14:32:20.631 INFO [Bolt-default-executor-19-thread-1]com.iohao.game.bolt.broker.core.client.BrokerClientItem.registerToBroker:287 -逻辑服发模块信息给 broker （游戏网关） : {
	"address":"192.168.56.1",
	"brokerClientType":0,
	"cmdMergeList":[
		65537
	],
	"id":"e986d148-3862-48ba-b5d3-2f941763b67f",
	"idHash":884418123,
	"name":"demo spring 游戏逻辑服",
	"tag":"demo spring 游戏逻辑服"
}
2022-12-19 14:32:20.636 INFO [Bolt-default-executor-19-thread-4]c.i.game.bolt.broker.server.processor.RegisterBrokerClientMessageBrokerProcessor.print:88 -模块注册信息 --- 网关port: [10200] --- BrokerClientMessage{name='demo spring 游戏逻辑服', tag='demo spring 游戏逻辑服', brokerClientType=LOGIC, address='192.168.56.1:50138', cmdMergeSize=0, id='e986d148-3862-48ba-b5d3-2f941763b67f'}
2022-12-19 14:32:20.636 INFO [Bolt-default-executor-19-thread-3]c.i.game.bolt.broker.server.processor.RegisterBrokerClientMessageBrokerProcessor.print:88 -模块注册信息 --- 网关port: [10200] --- BrokerClientMessage{name='游戏对外服', tag='external', brokerClientType=EXTERNAL, address='192.168.56.1:50139', cmdMergeSize=0, id='f342f570-67b1-4e6f-92db-1dc9c44abfef'}
2022-12-19 14:32:20.642 INFO [Bolt-default-executor-19-thread-4]com.iohao.game.bolt.broker.server.kit.BrokerPrintKit.print:65 -当前网关【10200】与逻辑服相关信息: 
[{
	"tag":"demo spring 游戏逻辑服",
	"服务器数量":1
}, {
	"tag":"对外服",
	"服务器数量":1
}]
2022-12-19 14:32:20.642 INFO [Bolt-default-executor-19-thread-3]com.iohao.game.bolt.broker.server.kit.BrokerPrintKit.print:65 -当前网关【10200】与逻辑服相关信息: 
[{
	"tag":"demo spring 游戏逻辑服",
	"服务器数量":1
}, {
	"tag":"对外服",
	"服务器数量":1
}]
2022-12-19 14:32:31.505 ERROR[WebSocketConnectReadThread-26]com.iohao.game.common.kit.ProtoKit.parseProtoByte:79 -While parsing a protocol message, the input ended unexpectedly in the middle of a field.  This could mean either that the input has been truncated or that an embedded message misreported its own length.
com.google.protobuf.InvalidProtocolBufferException: While parsing a protocol message, the input ended unexpectedly in the middle of a field.  This could mean either that the input has been truncated or that an embedded message misreported its own length.
	at com.google.protobuf.InvalidProtocolBufferException.truncatedMessage(InvalidProtocolBufferException.java:115)
	at com.google.protobuf.CodedInputStream$ArrayDecoder.skipRawBytes(CodedInputStream.java:1279)
	at com.google.protobuf.CodedInputStream$ArrayDecoder.skipField(CodedInputStream.java:660)
	at com.google.protobuf.CodedInputStream$ArrayDecoder.skipMessage(CodedInputStream.java:732)
	at com.google.protobuf.CodedInputStream$ArrayDecoder.skipField(CodedInputStream.java:663)
	at com.iohao.game.bolt.broker.client.external.bootstrap.message.ExternalMessage$$JProtoBufClass.readFrom(ExternalMessage$$JProtoBufClass.java:239)
	at com.iohao.game.bolt.broker.client.external.bootstrap.message.ExternalMessage$$JProtoBufClass.decode(ExternalMessage$$JProtoBufClass.java:36)
	at com.iohao.game.bolt.broker.client.external.bootstrap.message.ExternalMessage$$JProtoBufClass.decode(ExternalMessage$$JProtoBufClass.java:24)
	at com.iohao.game.common.kit.ProtoKit.parseProtoByte(ProtoKit.java:77)
	at com.iohao.game.action.skeleton.core.codec.ProtoDataCodec.decode(ProtoDataCodec.java:36)
	at com.iohao.game.action.skeleton.core.DataCodecKit.decode(DataCodecKit.java:58)
	at com.aiwan.MyWebSocketClient.onMessage(MyWebSocketClient.java:59)
	at org.java_websocket.client.WebSocketClient.onWebsocketMessage(WebSocketClient.java:641)
	at org.java_websocket.drafts.Draft_6455.processFrameBinary(Draft_6455.java:936)
	at org.java_websocket.drafts.Draft_6455.processFrame(Draft_6455.java:889)
	at org.java_websocket.WebSocketImpl.decodeFrames(WebSocketImpl.java:401)
	at org.java_websocket.WebSocketImpl.decode(WebSocketImpl.java:233)
	at org.java_websocket.client.WebSocketClient.run(WebSocketClient.java:516)
	at java.base/java.lang.Thread.run(Thread.java:833)
2022-12-19 14:34:48.934 INFO [main]c.i.g.b.b.c.e.bootstrap.initializer.ExternalChannelInitializerCallbackFactory.createExternalChannelInitializerCallback:57 -游戏对外服-启动方式 ==== websocket ====
2022-12-19 14:34:49.222 INFO [class com.iohao.game.simple.SimpleRunOne0]com.iohao.game.bolt.broker.server.BrokerServer.startup:79 -bolt-broker （游戏网关）port: [10200] 启动模式: [单机启动模式 standalone] 
2022-12-19 14:34:49.288 INFO [Bolt-conn-event-executor-18-thread-1]c.i.game.bolt.broker.server.processor.connection.ConnectionEventBrokerProcessor.onEvent:60 -通知客户端发送模块信息 ConnectionEvent remoteAddress : 192.168.56.1:50658
2022-12-19 14:34:49.317 INFO [Bolt-conn-event-executor-18-thread-1]c.i.game.bolt.broker.server.processor.connection.ConnectionEventBrokerProcessor.onEvent:60 -通知客户端发送模块信息 ConnectionEvent remoteAddress : 192.168.56.1:50659
2022-12-19 14:34:49.337 INFO [class com.iohao.game.simple.SimpleRunOne1]com.iohao.game.bolt.broker.client.external.ExternalServer.doStart:70 -external 启动游戏对外服 ! port: 10100
2022-12-19 14:34:49.431 INFO [Bolt-default-executor-19-thread-2]com.iohao.game.bolt.broker.core.client.BrokerClientItem.registerToBroker:287 -逻辑服发模块信息给 broker （游戏网关） : {
	"address":"192.168.56.1",
	"brokerClientType":1,
	"cmdMergeList":[
		
	],
	"id":"30a0ecae-3a11-4551-9daf-ebd60567cec3",
	"idHash":-1719490077,
	"name":"游戏对外服",
	"tag":"external"
}
2022-12-19 14:34:49.432 INFO [Bolt-default-executor-19-thread-1]com.iohao.game.bolt.broker.core.client.BrokerClientItem.registerToBroker:287 -逻辑服发模块信息给 broker （游戏网关） : {
	"address":"192.168.56.1",
	"brokerClientType":0,
	"cmdMergeList":[
		65537
	],
	"id":"43518e5b-55e5-4478-96f0-71633f2f8914",
	"idHash":228454587,
	"name":"demo spring 游戏逻辑服",
	"tag":"demo spring 游戏逻辑服"
}
2022-12-19 14:34:49.437 INFO [Bolt-default-executor-19-thread-3]c.i.game.bolt.broker.server.processor.RegisterBrokerClientMessageBrokerProcessor.print:88 -模块注册信息 --- 网关port: [10200] --- BrokerClientMessage{name='游戏对外服', tag='external', brokerClientType=EXTERNAL, address='192.168.56.1:50659', cmdMergeSize=0, id='30a0ecae-3a11-4551-9daf-ebd60567cec3'}
2022-12-19 14:34:49.437 INFO [Bolt-default-executor-19-thread-4]c.i.game.bolt.broker.server.processor.RegisterBrokerClientMessageBrokerProcessor.print:88 -模块注册信息 --- 网关port: [10200] --- BrokerClientMessage{name='demo spring 游戏逻辑服', tag='demo spring 游戏逻辑服', brokerClientType=LOGIC, address='192.168.56.1:50658', cmdMergeSize=0, id='43518e5b-55e5-4478-96f0-71633f2f8914'}
2022-12-19 14:34:49.444 INFO [Bolt-default-executor-19-thread-3]com.iohao.game.bolt.broker.server.kit.BrokerPrintKit.print:65 -当前网关【10200】与逻辑服相关信息: 
[{
	"tag":"demo spring 游戏逻辑服",
	"服务器数量":1
}, {
	"tag":"对外服",
	"服务器数量":1
}]
2022-12-19 14:34:49.444 INFO [Bolt-default-executor-19-thread-4]com.iohao.game.bolt.broker.server.kit.BrokerPrintKit.print:65 -当前网关【10200】与逻辑服相关信息: 
[{
	"tag":"demo spring 游戏逻辑服",
	"服务器数量":1
}, {
	"tag":"对外服",
	"服务器数量":1
}]
2022-12-19 14:36:34.422 INFO [main]c.i.g.b.b.c.e.bootstrap.initializer.ExternalChannelInitializerCallbackFactory.createExternalChannelInitializerCallback:57 -游戏对外服-启动方式 ==== websocket ====
2022-12-19 14:36:34.709 INFO [class com.iohao.game.simple.SimpleRunOne0]com.iohao.game.bolt.broker.server.BrokerServer.startup:79 -bolt-broker （游戏网关）port: [10200] 启动模式: [单机启动模式 standalone] 
2022-12-19 14:36:34.775 INFO [Bolt-conn-event-executor-18-thread-1]c.i.game.bolt.broker.server.processor.connection.ConnectionEventBrokerProcessor.onEvent:60 -通知客户端发送模块信息 ConnectionEvent remoteAddress : 192.168.56.1:50949
2022-12-19 14:36:34.803 INFO [Bolt-conn-event-executor-18-thread-1]c.i.game.bolt.broker.server.processor.connection.ConnectionEventBrokerProcessor.onEvent:60 -通知客户端发送模块信息 ConnectionEvent remoteAddress : 192.168.56.1:50950
2022-12-19 14:36:34.808 INFO [class com.iohao.game.simple.SimpleRunOne1]com.iohao.game.bolt.broker.client.external.ExternalServer.doStart:70 -external 启动游戏对外服 ! port: 10100
2022-12-19 14:36:34.900 INFO [Bolt-default-executor-19-thread-1]com.iohao.game.bolt.broker.core.client.BrokerClientItem.registerToBroker:287 -逻辑服发模块信息给 broker （游戏网关） : {
	"address":"192.168.56.1",
	"brokerClientType":1,
	"cmdMergeList":[
		
	],
	"id":"1c156b14-330f-4b38-9944-cf6aa8479faa",
	"idHash":-1379986266,
	"name":"游戏对外服",
	"tag":"external"
}
2022-12-19 14:36:34.900 INFO [Bolt-default-executor-19-thread-2]com.iohao.game.bolt.broker.core.client.BrokerClientItem.registerToBroker:287 -逻辑服发模块信息给 broker （游戏网关） : {
	"address":"192.168.56.1",
	"brokerClientType":0,
	"cmdMergeList":[
		65537
	],
	"id":"9e970434-ca4a-40ed-b68e-6d9930ee02e9",
	"idHash":-799404372,
	"name":"demo spring 游戏逻辑服",
	"tag":"demo spring 游戏逻辑服"
}
2022-12-19 14:36:34.906 INFO [Bolt-default-executor-19-thread-4]c.i.game.bolt.broker.server.processor.RegisterBrokerClientMessageBrokerProcessor.print:88 -模块注册信息 --- 网关port: [10200] --- BrokerClientMessage{name='demo spring 游戏逻辑服', tag='demo spring 游戏逻辑服', brokerClientType=LOGIC, address='192.168.56.1:50949', cmdMergeSize=0, id='9e970434-ca4a-40ed-b68e-6d9930ee02e9'}
2022-12-19 14:36:34.906 INFO [Bolt-default-executor-19-thread-3]c.i.game.bolt.broker.server.processor.RegisterBrokerClientMessageBrokerProcessor.print:88 -模块注册信息 --- 网关port: [10200] --- BrokerClientMessage{name='游戏对外服', tag='external', brokerClientType=EXTERNAL, address='192.168.56.1:50950', cmdMergeSize=0, id='1c156b14-330f-4b38-9944-cf6aa8479faa'}
2022-12-19 14:36:34.914 INFO [Bolt-default-executor-19-thread-3]com.iohao.game.bolt.broker.server.kit.BrokerPrintKit.print:65 -当前网关【10200】与逻辑服相关信息: 
[{
	"tag":"demo spring 游戏逻辑服",
	"服务器数量":1
}, {
	"tag":"对外服",
	"服务器数量":1
}]
2022-12-19 14:36:34.914 INFO [Bolt-default-executor-19-thread-4]com.iohao.game.bolt.broker.server.kit.BrokerPrintKit.print:65 -当前网关【10200】与逻辑服相关信息: 
[{
	"tag":"demo spring 游戏逻辑服",
	"服务器数量":1
}, {
	"tag":"对外服",
	"服务器数量":1
}]
2022-12-19 14:40:03.879 INFO [main]c.i.g.b.b.c.e.bootstrap.initializer.ExternalChannelInitializerCallbackFactory.createExternalChannelInitializerCallback:57 -游戏对外服-启动方式 ==== websocket ====
2022-12-19 14:40:04.161 INFO [class com.iohao.game.simple.SimpleRunOne0]com.iohao.game.bolt.broker.server.BrokerServer.startup:79 -bolt-broker （游戏网关）port: [10200] 启动模式: [单机启动模式 standalone] 
2022-12-19 14:40:04.228 INFO [Bolt-conn-event-executor-18-thread-1]c.i.game.bolt.broker.server.processor.connection.ConnectionEventBrokerProcessor.onEvent:60 -通知客户端发送模块信息 ConnectionEvent remoteAddress : 192.168.56.1:51569
2022-12-19 14:40:04.257 INFO [Bolt-conn-event-executor-18-thread-1]c.i.game.bolt.broker.server.processor.connection.ConnectionEventBrokerProcessor.onEvent:60 -通知客户端发送模块信息 ConnectionEvent remoteAddress : 192.168.56.1:51570
2022-12-19 14:40:04.264 INFO [class com.iohao.game.simple.SimpleRunOne1]com.iohao.game.bolt.broker.client.external.ExternalServer.doStart:70 -external 启动游戏对外服 ! port: 10100
2022-12-19 14:40:04.352 INFO [Bolt-default-executor-19-thread-2]com.iohao.game.bolt.broker.core.client.BrokerClientItem.registerToBroker:287 -逻辑服发模块信息给 broker （游戏网关） : {
	"address":"192.168.56.1",
	"brokerClientType":1,
	"cmdMergeList":[
		
	],
	"id":"18627ba9-604b-4cef-b7ef-111a278d76f6",
	"idHash":-2035532409,
	"name":"游戏对外服",
	"tag":"external"
}
2022-12-19 14:40:04.352 INFO [Bolt-default-executor-19-thread-1]com.iohao.game.bolt.broker.core.client.BrokerClientItem.registerToBroker:287 -逻辑服发模块信息给 broker （游戏网关） : {
	"address":"192.168.56.1",
	"brokerClientType":0,
	"cmdMergeList":[
		65537
	],
	"id":"53f62da5-830a-413d-be96-639c6645ed24",
	"idHash":-91198062,
	"name":"demo spring 游戏逻辑服",
	"tag":"demo spring 游戏逻辑服"
}
2022-12-19 14:40:04.359 INFO [Bolt-default-executor-19-thread-3]c.i.game.bolt.broker.server.processor.RegisterBrokerClientMessageBrokerProcessor.print:88 -模块注册信息 --- 网关port: [10200] --- BrokerClientMessage{name='demo spring 游戏逻辑服', tag='demo spring 游戏逻辑服', brokerClientType=LOGIC, address='192.168.56.1:51569', cmdMergeSize=0, id='53f62da5-830a-413d-be96-639c6645ed24'}
2022-12-19 14:40:04.358 INFO [Bolt-default-executor-19-thread-4]c.i.game.bolt.broker.server.processor.RegisterBrokerClientMessageBrokerProcessor.print:88 -模块注册信息 --- 网关port: [10200] --- BrokerClientMessage{name='游戏对外服', tag='external', brokerClientType=EXTERNAL, address='192.168.56.1:51570', cmdMergeSize=0, id='18627ba9-604b-4cef-b7ef-111a278d76f6'}
2022-12-19 14:40:04.365 INFO [Bolt-default-executor-19-thread-4]com.iohao.game.bolt.broker.server.kit.BrokerPrintKit.print:65 -当前网关【10200】与逻辑服相关信息: 
[{
	"tag":"demo spring 游戏逻辑服",
	"服务器数量":1
}, {
	"tag":"对外服",
	"服务器数量":1
}]
2022-12-19 14:40:04.365 INFO [Bolt-default-executor-19-thread-3]com.iohao.game.bolt.broker.server.kit.BrokerPrintKit.print:65 -当前网关【10200】与逻辑服相关信息: 
[{
	"tag":"demo spring 游戏逻辑服",
	"服务器数量":1
}, {
	"tag":"对外服",
	"服务器数量":1
}]
2022-12-19 14:40:51.313 INFO [main]c.i.g.b.b.c.e.bootstrap.initializer.ExternalChannelInitializerCallbackFactory.createExternalChannelInitializerCallback:57 -游戏对外服-启动方式 ==== websocket ====
2022-12-19 14:40:51.595 INFO [class com.iohao.game.simple.SimpleRunOne0]com.iohao.game.bolt.broker.server.BrokerServer.startup:79 -bolt-broker （游戏网关）port: [10200] 启动模式: [单机启动模式 standalone] 
2022-12-19 14:40:51.655 INFO [Bolt-conn-event-executor-18-thread-1]c.i.game.bolt.broker.server.processor.connection.ConnectionEventBrokerProcessor.onEvent:60 -通知客户端发送模块信息 ConnectionEvent remoteAddress : 192.168.56.1:51693
2022-12-19 14:40:51.681 INFO [Bolt-conn-event-executor-18-thread-1]c.i.game.bolt.broker.server.processor.connection.ConnectionEventBrokerProcessor.onEvent:60 -通知客户端发送模块信息 ConnectionEvent remoteAddress : 192.168.56.1:51694
2022-12-19 14:40:51.687 INFO [class com.iohao.game.simple.SimpleRunOne1]com.iohao.game.bolt.broker.client.external.ExternalServer.doStart:70 -external 启动游戏对外服 ! port: 10100
2022-12-19 14:40:51.774 INFO [Bolt-default-executor-19-thread-1]com.iohao.game.bolt.broker.core.client.BrokerClientItem.registerToBroker:287 -逻辑服发模块信息给 broker （游戏网关） : {
	"address":"192.168.56.1",
	"brokerClientType":1,
	"cmdMergeList":[
		
	],
	"id":"1c919923-824c-49d9-89fd-05abba02aebd",
	"idHash":-1660228373,
	"name":"游戏对外服",
	"tag":"external"
}
2022-12-19 14:40:51.774 INFO [Bolt-default-executor-19-thread-2]com.iohao.game.bolt.broker.core.client.BrokerClientItem.registerToBroker:287 -逻辑服发模块信息给 broker （游戏网关） : {
	"address":"192.168.56.1",
	"brokerClientType":0,
	"cmdMergeList":[
		65537
	],
	"id":"0032956f-e136-461e-9c55-2287fbc81c11",
	"idHash":759972027,
	"name":"demo spring 游戏逻辑服",
	"tag":"demo spring 游戏逻辑服"
}
2022-12-19 14:40:51.779 INFO [Bolt-default-executor-19-thread-3]c.i.game.bolt.broker.server.processor.RegisterBrokerClientMessageBrokerProcessor.print:88 -模块注册信息 --- 网关port: [10200] --- BrokerClientMessage{name='游戏对外服', tag='external', brokerClientType=EXTERNAL, address='192.168.56.1:51694', cmdMergeSize=0, id='1c919923-824c-49d9-89fd-05abba02aebd'}
2022-12-19 14:40:51.779 INFO [Bolt-default-executor-19-thread-4]c.i.game.bolt.broker.server.processor.RegisterBrokerClientMessageBrokerProcessor.print:88 -模块注册信息 --- 网关port: [10200] --- BrokerClientMessage{name='demo spring 游戏逻辑服', tag='demo spring 游戏逻辑服', brokerClientType=LOGIC, address='192.168.56.1:51693', cmdMergeSize=0, id='0032956f-e136-461e-9c55-2287fbc81c11'}
2022-12-19 14:40:51.787 INFO [Bolt-default-executor-19-thread-3]com.iohao.game.bolt.broker.server.kit.BrokerPrintKit.print:65 -当前网关【10200】与逻辑服相关信息: 
[{
	"tag":"demo spring 游戏逻辑服",
	"服务器数量":1
}, {
	"tag":"对外服",
	"服务器数量":1
}]
2022-12-19 14:40:51.787 INFO [Bolt-default-executor-19-thread-4]com.iohao.game.bolt.broker.server.kit.BrokerPrintKit.print:65 -当前网关【10200】与逻辑服相关信息: 
[{
	"tag":"demo spring 游戏逻辑服",
	"服务器数量":1
}, {
	"tag":"对外服",
	"服务器数量":1
}]
2022-12-19 14:41:14.322 INFO [main]c.i.g.b.b.c.e.bootstrap.initializer.ExternalChannelInitializerCallbackFactory.createExternalChannelInitializerCallback:57 -游戏对外服-启动方式 ==== websocket ====
2022-12-19 14:41:14.606 INFO [class com.iohao.game.simple.SimpleRunOne0]com.iohao.game.bolt.broker.server.BrokerServer.startup:79 -bolt-broker （游戏网关）port: [10200] 启动模式: [单机启动模式 standalone] 
2022-12-19 14:41:14.665 INFO [Bolt-conn-event-executor-18-thread-1]c.i.game.bolt.broker.server.processor.connection.ConnectionEventBrokerProcessor.onEvent:60 -通知客户端发送模块信息 ConnectionEvent remoteAddress : 192.168.56.1:51717
2022-12-19 14:41:14.693 INFO [Bolt-conn-event-executor-18-thread-1]c.i.game.bolt.broker.server.processor.connection.ConnectionEventBrokerProcessor.onEvent:60 -通知客户端发送模块信息 ConnectionEvent remoteAddress : 192.168.56.1:51718
2022-12-19 14:41:14.700 INFO [class com.iohao.game.simple.SimpleRunOne1]com.iohao.game.bolt.broker.client.external.ExternalServer.doStart:70 -external 启动游戏对外服 ! port: 10100
2022-12-19 14:41:14.788 INFO [Bolt-default-executor-19-thread-2]com.iohao.game.bolt.broker.core.client.BrokerClientItem.registerToBroker:287 -逻辑服发模块信息给 broker （游戏网关） : {
	"address":"192.168.56.1",
	"brokerClientType":1,
	"cmdMergeList":[
		
	],
	"id":"f461a7e4-d2bc-44d2-b925-cb26a1c48e32",
	"idHash":43599763,
	"name":"游戏对外服",
	"tag":"external"
}
2022-12-19 14:41:14.788 INFO [Bolt-default-executor-19-thread-1]com.iohao.game.bolt.broker.core.client.BrokerClientItem.registerToBroker:287 -逻辑服发模块信息给 broker （游戏网关） : {
	"address":"192.168.56.1",
	"brokerClientType":0,
	"cmdMergeList":[
		65537
	],
	"id":"2033e63a-27b7-4a89-b195-4c264a81e94c",
	"idHash":-840733103,
	"name":"demo spring 游戏逻辑服",
	"tag":"demo spring 游戏逻辑服"
}
2022-12-19 14:41:14.791 INFO [Bolt-default-executor-19-thread-4]c.i.game.bolt.broker.server.processor.RegisterBrokerClientMessageBrokerProcessor.print:88 -模块注册信息 --- 网关port: [10200] --- BrokerClientMessage{name='游戏对外服', tag='external', brokerClientType=EXTERNAL, address='192.168.56.1:51718', cmdMergeSize=0, id='f461a7e4-d2bc-44d2-b925-cb26a1c48e32'}
2022-12-19 14:41:14.791 INFO [Bolt-default-executor-19-thread-3]c.i.game.bolt.broker.server.processor.RegisterBrokerClientMessageBrokerProcessor.print:88 -模块注册信息 --- 网关port: [10200] --- BrokerClientMessage{name='demo spring 游戏逻辑服', tag='demo spring 游戏逻辑服', brokerClientType=LOGIC, address='192.168.56.1:51717', cmdMergeSize=0, id='2033e63a-27b7-4a89-b195-4c264a81e94c'}
2022-12-19 14:41:14.798 INFO [Bolt-default-executor-19-thread-4]com.iohao.game.bolt.broker.server.kit.BrokerPrintKit.print:65 -当前网关【10200】与逻辑服相关信息: 
[{
	"tag":"demo spring 游戏逻辑服",
	"服务器数量":1
}, {
	"tag":"对外服",
	"服务器数量":1
}]
2022-12-19 14:41:14.798 INFO [Bolt-default-executor-19-thread-3]com.iohao.game.bolt.broker.server.kit.BrokerPrintKit.print:65 -当前网关【10200】与逻辑服相关信息: 
[{
	"tag":"demo spring 游戏逻辑服",
	"服务器数量":1
}, {
	"tag":"对外服",
	"服务器数量":1
}]
2022-12-19 14:43:18.016 INFO [main]c.i.g.b.b.c.e.bootstrap.initializer.ExternalChannelInitializerCallbackFactory.createExternalChannelInitializerCallback:57 -游戏对外服-启动方式 ==== websocket ====
2022-12-19 14:43:18.294 INFO [class com.iohao.game.simple.SimpleRunOne0]com.iohao.game.bolt.broker.server.BrokerServer.startup:79 -bolt-broker （游戏网关）port: [10200] 启动模式: [单机启动模式 standalone] 
2022-12-19 14:43:18.352 INFO [Bolt-conn-event-executor-18-thread-1]c.i.game.bolt.broker.server.processor.connection.ConnectionEventBrokerProcessor.onEvent:60 -通知客户端发送模块信息 ConnectionEvent remoteAddress : 192.168.56.1:51850
2022-12-19 14:43:18.383 INFO [Bolt-conn-event-executor-18-thread-1]c.i.game.bolt.broker.server.processor.connection.ConnectionEventBrokerProcessor.onEvent:60 -通知客户端发送模块信息 ConnectionEvent remoteAddress : 192.168.56.1:51853
2022-12-19 14:43:18.391 INFO [class com.iohao.game.simple.SimpleRunOne1]com.iohao.game.bolt.broker.client.external.ExternalServer.doStart:70 -external 启动游戏对外服 ! port: 10100
2022-12-19 14:43:18.476 INFO [Bolt-default-executor-19-thread-1]com.iohao.game.bolt.broker.core.client.BrokerClientItem.registerToBroker:287 -逻辑服发模块信息给 broker （游戏网关） : {
	"address":"192.168.56.1",
	"brokerClientType":1,
	"cmdMergeList":[
		
	],
	"id":"3a02e4c1-2fba-438d-95d5-5ee5dcda2840",
	"idHash":-201112930,
	"name":"游戏对外服",
	"tag":"external"
}
2022-12-19 14:43:18.476 INFO [Bolt-default-executor-19-thread-2]com.iohao.game.bolt.broker.core.client.BrokerClientItem.registerToBroker:287 -逻辑服发模块信息给 broker （游戏网关） : {
	"address":"192.168.56.1",
	"brokerClientType":0,
	"cmdMergeList":[
		65537
	],
	"id":"1fbf3a33-cb2c-474f-9fe5-a7eb1514e098",
	"idHash":-1076271958,
	"name":"demo spring 游戏逻辑服",
	"tag":"demo spring 游戏逻辑服"
}
2022-12-19 14:43:18.480 INFO [Bolt-default-executor-19-thread-3]c.i.game.bolt.broker.server.processor.RegisterBrokerClientMessageBrokerProcessor.print:88 -模块注册信息 --- 网关port: [10200] --- BrokerClientMessage{name='游戏对外服', tag='external', brokerClientType=EXTERNAL, address='192.168.56.1:51853', cmdMergeSize=0, id='3a02e4c1-2fba-438d-95d5-5ee5dcda2840'}
2022-12-19 14:43:18.480 INFO [Bolt-default-executor-19-thread-4]c.i.game.bolt.broker.server.processor.RegisterBrokerClientMessageBrokerProcessor.print:88 -模块注册信息 --- 网关port: [10200] --- BrokerClientMessage{name='demo spring 游戏逻辑服', tag='demo spring 游戏逻辑服', brokerClientType=LOGIC, address='192.168.56.1:51850', cmdMergeSize=0, id='1fbf3a33-cb2c-474f-9fe5-a7eb1514e098'}
2022-12-19 14:43:18.487 INFO [Bolt-default-executor-19-thread-3]com.iohao.game.bolt.broker.server.kit.BrokerPrintKit.print:65 -当前网关【10200】与逻辑服相关信息: 
[{
	"tag":"demo spring 游戏逻辑服",
	"服务器数量":1
}, {
	"tag":"对外服",
	"服务器数量":1
}]
2022-12-19 14:43:18.487 INFO [Bolt-default-executor-19-thread-4]com.iohao.game.bolt.broker.server.kit.BrokerPrintKit.print:65 -当前网关【10200】与逻辑服相关信息: 
[{
	"tag":"demo spring 游戏逻辑服",
	"服务器数量":1
}, {
	"tag":"对外服",
	"服务器数量":1
}]
2022-12-19 14:45:12.780 ERROR[WebSocketConnectReadThread-26]com.iohao.game.common.kit.ProtoKit.parseProtoByte:79 -While parsing a protocol message, the input ended unexpectedly in the middle of a field.  This could mean either that the input has been truncated or that an embedded message misreported its own length.
com.google.protobuf.InvalidProtocolBufferException: While parsing a protocol message, the input ended unexpectedly in the middle of a field.  This could mean either that the input has been truncated or that an embedded message misreported its own length.
	at com.google.protobuf.InvalidProtocolBufferException.truncatedMessage(InvalidProtocolBufferException.java:115)
	at com.google.protobuf.CodedInputStream$ArrayDecoder.skipRawBytes(CodedInputStream.java:1279)
	at com.google.protobuf.CodedInputStream$ArrayDecoder.skipField(CodedInputStream.java:660)
	at com.google.protobuf.CodedInputStream$ArrayDecoder.skipMessage(CodedInputStream.java:732)
	at com.google.protobuf.CodedInputStream$ArrayDecoder.skipField(CodedInputStream.java:663)
	at com.iohao.game.bolt.broker.client.external.bootstrap.message.ExternalMessage$$JProtoBufClass.readFrom(ExternalMessage$$JProtoBufClass.java:239)
	at com.iohao.game.bolt.broker.client.external.bootstrap.message.ExternalMessage$$JProtoBufClass.decode(ExternalMessage$$JProtoBufClass.java:36)
	at com.iohao.game.bolt.broker.client.external.bootstrap.message.ExternalMessage$$JProtoBufClass.decode(ExternalMessage$$JProtoBufClass.java:24)
	at com.iohao.game.common.kit.ProtoKit.parseProtoByte(ProtoKit.java:77)
	at com.iohao.game.action.skeleton.core.codec.ProtoDataCodec.decode(ProtoDataCodec.java:36)
	at com.iohao.game.action.skeleton.core.DataCodecKit.decode(DataCodecKit.java:58)
	at com.aiwan.MyWebSocketClient.onMessage(MyWebSocketClient.java:55)
	at org.java_websocket.client.WebSocketClient.onWebsocketMessage(WebSocketClient.java:641)
	at org.java_websocket.drafts.Draft_6455.processFrameBinary(Draft_6455.java:936)
	at org.java_websocket.drafts.Draft_6455.processFrame(Draft_6455.java:889)
	at org.java_websocket.WebSocketImpl.decodeFrames(WebSocketImpl.java:401)
	at org.java_websocket.WebSocketImpl.decode(WebSocketImpl.java:233)
	at org.java_websocket.client.WebSocketClient.run(WebSocketClient.java:516)
	at java.base/java.lang.Thread.run(Thread.java:833)
