2022-12-19 14:32:31.505 ERROR [WebSocketConnectReadThread-26] com.iohao.game.common.kit.ProtoKit.parseProtoByte:79 - While parsing a protocol message, the input ended unexpectedly in the middle of a field.  This could mean either that the input has been truncated or that an embedded message misreported its own length.
com.google.protobuf.InvalidProtocolBufferException: While parsing a protocol message, the input ended unexpectedly in the middle of a field.  This could mean either that the input has been truncated or that an embedded message misreported its own length.
	at com.google.protobuf.InvalidProtocolBufferException.truncatedMessage(InvalidProtocolBufferException.java:115)
	at com.google.protobuf.CodedInputStream$ArrayDecoder.skipRawBytes(CodedInputStream.java:1279)
	at com.google.protobuf.CodedInputStream$ArrayDecoder.skipField(CodedInputStream.java:660)
	at com.google.protobuf.CodedInputStream$ArrayDecoder.skipMessage(CodedInputStream.java:732)
	at com.google.protobuf.CodedInputStream$ArrayDecoder.skipField(CodedInputStream.java:663)
	at com.iohao.game.bolt.broker.client.external.bootstrap.message.ExternalMessage$$JProtoBufClass.readFrom(ExternalMessage$$JProtoBufClass.java:239)
	at com.iohao.game.bolt.broker.client.external.bootstrap.message.ExternalMessage$$JProtoBufClass.decode(ExternalMessage$$JProtoBufClass.java:36)
	at com.iohao.game.bolt.broker.client.external.bootstrap.message.ExternalMessage$$JProtoBufClass.decode(ExternalMessage$$JProtoBufClass.java:24)
	at com.iohao.game.common.kit.ProtoKit.parseProtoByte(ProtoKit.java:77)
	at com.iohao.game.action.skeleton.core.codec.ProtoDataCodec.decode(ProtoDataCodec.java:36)
	at com.iohao.game.action.skeleton.core.DataCodecKit.decode(DataCodecKit.java:58)
	at com.aiwan.MyWebSocketClient.onMessage(MyWebSocketClient.java:59)
	at org.java_websocket.client.WebSocketClient.onWebsocketMessage(WebSocketClient.java:641)
	at org.java_websocket.drafts.Draft_6455.processFrameBinary(Draft_6455.java:936)
	at org.java_websocket.drafts.Draft_6455.processFrame(Draft_6455.java:889)
	at org.java_websocket.WebSocketImpl.decodeFrames(WebSocketImpl.java:401)
	at org.java_websocket.WebSocketImpl.decode(WebSocketImpl.java:233)
	at org.java_websocket.client.WebSocketClient.run(WebSocketClient.java:516)
	at java.base/java.lang.Thread.run(Thread.java:833)
2022-12-19 14:32:31.509 ERROR [WebSocketConnectReadThread-26] org.java_websocket.drafts.Draft_6455.logRuntimeException:949 - Runtime exception during onWebsocketMessage
java.lang.NullPointerException: Cannot invoke "com.iohao.game.bolt.broker.client.external.bootstrap.message.ExternalMessage.getData()" because "message" is null
	at com.aiwan.MyWebSocketClient.onMessage(MyWebSocketClient.java:61)
	at org.java_websocket.client.WebSocketClient.onWebsocketMessage(WebSocketClient.java:641)
	at org.java_websocket.drafts.Draft_6455.processFrameBinary(Draft_6455.java:936)
	at org.java_websocket.drafts.Draft_6455.processFrame(Draft_6455.java:889)
	at org.java_websocket.WebSocketImpl.decodeFrames(WebSocketImpl.java:401)
	at org.java_websocket.WebSocketImpl.decode(WebSocketImpl.java:233)
	at org.java_websocket.client.WebSocketClient.run(WebSocketClient.java:516)
	at java.base/java.lang.Thread.run(Thread.java:833)
2022-12-19 14:45:12.780 ERROR [WebSocketConnectReadThread-26] com.iohao.game.common.kit.ProtoKit.parseProtoByte:79 - While parsing a protocol message, the input ended unexpectedly in the middle of a field.  This could mean either that the input has been truncated or that an embedded message misreported its own length.
com.google.protobuf.InvalidProtocolBufferException: While parsing a protocol message, the input ended unexpectedly in the middle of a field.  This could mean either that the input has been truncated or that an embedded message misreported its own length.
	at com.google.protobuf.InvalidProtocolBufferException.truncatedMessage(InvalidProtocolBufferException.java:115)
	at com.google.protobuf.CodedInputStream$ArrayDecoder.skipRawBytes(CodedInputStream.java:1279)
	at com.google.protobuf.CodedInputStream$ArrayDecoder.skipField(CodedInputStream.java:660)
	at com.google.protobuf.CodedInputStream$ArrayDecoder.skipMessage(CodedInputStream.java:732)
	at com.google.protobuf.CodedInputStream$ArrayDecoder.skipField(CodedInputStream.java:663)
	at com.iohao.game.bolt.broker.client.external.bootstrap.message.ExternalMessage$$JProtoBufClass.readFrom(ExternalMessage$$JProtoBufClass.java:239)
	at com.iohao.game.bolt.broker.client.external.bootstrap.message.ExternalMessage$$JProtoBufClass.decode(ExternalMessage$$JProtoBufClass.java:36)
	at com.iohao.game.bolt.broker.client.external.bootstrap.message.ExternalMessage$$JProtoBufClass.decode(ExternalMessage$$JProtoBufClass.java:24)
	at com.iohao.game.common.kit.ProtoKit.parseProtoByte(ProtoKit.java:77)
	at com.iohao.game.action.skeleton.core.codec.ProtoDataCodec.decode(ProtoDataCodec.java:36)
	at com.iohao.game.action.skeleton.core.DataCodecKit.decode(DataCodecKit.java:58)
	at com.aiwan.MyWebSocketClient.onMessage(MyWebSocketClient.java:55)
	at org.java_websocket.client.WebSocketClient.onWebsocketMessage(WebSocketClient.java:641)
	at org.java_websocket.drafts.Draft_6455.processFrameBinary(Draft_6455.java:936)
	at org.java_websocket.drafts.Draft_6455.processFrame(Draft_6455.java:889)
	at org.java_websocket.WebSocketImpl.decodeFrames(WebSocketImpl.java:401)
	at org.java_websocket.WebSocketImpl.decode(WebSocketImpl.java:233)
	at org.java_websocket.client.WebSocketClient.run(WebSocketClient.java:516)
	at java.base/java.lang.Thread.run(Thread.java:833)
2022-12-19 14:45:12.784 ERROR [WebSocketConnectReadThread-26] org.java_websocket.drafts.Draft_6455.logRuntimeException:949 - Runtime exception during onWebsocketMessage
java.lang.NullPointerException: Cannot invoke "com.iohao.game.bolt.broker.client.external.bootstrap.message.ExternalMessage.getData()" because "message" is null
	at com.aiwan.MyWebSocketClient.onMessage(MyWebSocketClient.java:57)
	at org.java_websocket.client.WebSocketClient.onWebsocketMessage(WebSocketClient.java:641)
	at org.java_websocket.drafts.Draft_6455.processFrameBinary(Draft_6455.java:936)
	at org.java_websocket.drafts.Draft_6455.processFrame(Draft_6455.java:889)
	at org.java_websocket.WebSocketImpl.decodeFrames(WebSocketImpl.java:401)
	at org.java_websocket.WebSocketImpl.decode(WebSocketImpl.java:233)
	at org.java_websocket.client.WebSocketClient.run(WebSocketClient.java:516)
	at java.base/java.lang.Thread.run(Thread.java:833)
